<?xml version="1.0" encoding="utf-8"?>
<shfbBuild product="Sandcastle Help File Builder and Tools" version="2016.9.17.0" projectFile="G:\Entornos de Desarrollo\NavajaSuiza Pedro Sánchez Lozano\NavajaSuiza\Documentación del proyecto\Documentación de Navaja Suiza\Ficheros de documentación\Documentación NavajaSuiza.shfbproj" started="14/05/2017 20:50:18">
<buildStep step="Initializing">
Finding tools...
The Sandcastle tools are located in &#39;C:\Program Files\EWSoftware\Sandcastle Help File Builder\&#39;
Searching for HTML Help 1 compiler...
Found HTML Help 1 compiler in &#39;C:\Program Files\HTML Help Workshop\&#39;
Locating components in the following folder(s):
    G:\Entornos de Desarrollo\NavajaSuiza Pedro S&#225;nchez Lozano\NavajaSuiza\Documentaci&#243;n del proyecto\Documentaci&#243;n de Navaja Suiza\Ficheros de documentaci&#243;n
    C:\ProgramData\EWSoftware\Sandcastle Help File Builder\Components and Plug-Ins\
    C:\Program Files\EWSoftware\Sandcastle Help File Builder\
Using framework reflection data for &#39;.NET Framework 4.5&#39; located in &#39;C:\Program Files\EWSoftware\Sandcastle Help File Builder\Data\.NETFramework&#39;
Using presentation style &#39;VS2013&#39; located in &#39;C:\Program Files\EWSoftware\Sandcastle Help File Builder\PresentationStyles\VS2013&#39;
Loading and initializing plug-ins...
Lightweight Website Style Version 2016.9.17.0
Copyright &#169; 2006-2016, Eric Woodruff, All Rights Reserved
Portions Copyright &#169; 2014, Sam Harwell, All Rights Reserved
</buildStep>
<buildStep step="ClearWorkFolder">
Clearing working folder...
</buildStep>
<buildStep step="ValidatingDocumentationSources">
Validating and copying documentation source information
Source: G:\Entornos de Desarrollo\NavajaSuiza Pedro S&#225;nchez Lozano\NavajaSuiza.sln
    Found project &#39;G:\Entornos de Desarrollo\NavajaSuiza Pedro S&#225;nchez Lozano\NavajaSuiza\NavajaSuiza.csproj&#39;

Parsing project files
    Found assembly &#39;G:\Entornos de Desarrollo\NavajaSuiza Pedro S&#225;nchez Lozano\NavajaSuiza\bin\Debug\NavajaSuiza.exe&#39;
SHFB: Warning BE0007: A project with a different or higher framework version was found.  Changing project FrameworkVersion property from &#39;.NET Framework 4.5&#39; to &#39;.NET Framework 4.5.2&#39; for the build.

References to include (excluding framework assemblies):
    None

Copying XML comments files
    G:\Entornos de Desarrollo\NavajaSuiza Pedro S&#225;nchez Lozano\NavajaSuiza\bin\Debug\NavajaSuiza.XML -&gt; G:\Entornos de Desarrollo\NavajaSuiza Pedro S&#225;nchez Lozano\NavajaSuiza\Documentaci&#243;n del proyecto\Documentaci&#243;n de Navaja Suiza\Ficheros de documentaci&#243;n\Help\Working\NavajaSuiza.XML
</buildStep>
<buildStep step="GenerateSharedContent">
Generating shared content files (es-ES, Espa&#241;ol (Espa&#241;a))...
<plugIn name="Lightweight Website Style" behavior="After" priority="1000">
</plugIn>    Last step completed in 00:00:00,0156
</buildStep>
<buildStep step="GenerateApiFilter">
Generating API filter for MRefBuilder...
    Last step completed in 00:00:00,0156
</buildStep>
<buildStep step="GenerateReflectionInfo">
Generating reflection information...
[C:\Windows\Microsoft.NET\Framework\v4.0.30319\MSBuild.exe - GenerateRefInfo.proj]
Compilaci&#162;n iniciada a las 14/05/2017 20:50:20.
El destino &quot;_ConvertPdbFiles&quot; que aparece en un atributo BeforeTargets en &quot;C:\Program Files\MSBuild\4.0\Microsoft.Common.targets\ImportAfter\Xamarin.Common.targets (34,37)&quot; no existe en el proyecto y se omitir&#160;.
El destino &quot;_CollectPdbFiles&quot; que aparece en un atributo AfterTargets en &quot;C:\Program Files\MSBuild\4.0\Microsoft.Common.targets\ImportAfter\Xamarin.Common.targets (34,70)&quot; no existe en el proyecto y se omitir&#160;.
El destino &quot;_CollectMdbFiles&quot; que aparece en un atributo BeforeTargets en &quot;C:\Program Files\MSBuild\4.0\Microsoft.Common.targets\ImportAfter\Xamarin.Common.targets (41,38)&quot; no existe en el proyecto y se omitir&#160;.
El destino &quot;_CopyMdbFiles&quot; que aparece en un atributo AfterTargets en &quot;C:\Program Files\MSBuild\4.0\Microsoft.Common.targets\ImportAfter\Xamarin.Common.targets (41,71)&quot; no existe en el proyecto y se omitir&#160;.
Proyecto &quot;G:\Entornos de Desarrollo\NavajaSuiza Pedro S&#160;nchez Lozano\NavajaSuiza\Documentaci&#162;n del proyecto\Documentaci&#162;n de Navaja Suiza\Ficheros de documentaci&#162;n\Help\Working\GenerateRefInfo.proj&quot; en nodo 1 (destinos predeterminados).
El archivo del proyecto contiene ToolsVersion=&quot;12.0&quot;. Este conjunto de herramientas falta o es desconocido, en cuyo caso es posible que pueda resolver este problema instalando la versi&#162;n apropiada de MSBuild. Tambi‚n es posible que, por motivos de directiva, se haya exigido a la compilaci&#162;n que use un valor determinado para ToolsVersion. Se tratar&#160; el proyecto como si contuviera ToolsVersion=&quot;4.0&quot;. Para obtener m&#160;s informaci&#162;n, vea http://go.microsoft.com/fwlink/?LinkId=291333.
PrepareForBuild:
  Creando directorio &quot;obj\Debug\&quot;.
GenerateRefInfo:
  MRefBuilder (v2016.9.17.0)
  Copyright &#184; 2006-2016, Microsoft Corporation, All Rights Reserved.
  Portions Copyright &#184; 2006-2016, Eric Woodruff, All Rights Reserved.
  No source code context base path specified.  Source context information is unavailable.
  Loaded 1 assemblies for reflection and 1 dependency assemblies.
  Wrote information on 5 namespaces, 11 types, and 86 members
  Copiando el archivo de &quot;reflection.org&quot; en &quot;reflection.all&quot;.
  XslTransform (v2016.9.17.0)
  Copyright &#184; 2006-2016, Microsoft Corporation, All Rights Reserved.
  Portions Copyright &#184; 2006-2016, Eric Woodruff, All Rights Reserved.
  Applying XSL transformation &#39;C:\Program Files\EWSoftware\Sandcastle Help File Builder\ProductionTransforms\MergeDuplicates.xsl&#39;.
Compilaci&#162;n del proyecto terminada &quot;G:\Entornos de Desarrollo\NavajaSuiza Pedro S&#160;nchez Lozano\NavajaSuiza\Documentaci&#162;n del proyecto\Documentaci&#162;n de Navaja Suiza\Ficheros de documentaci&#162;n\Help\Working\GenerateRefInfo.proj&quot; (destinos predeterminados).

Compilaci&#162;n correcta.

Tiempo transcurrido 00:00:02.15
    Last step completed in 00:00:02,5781
</buildStep>
<buildStep step="TransformReflectionInfo">
Transforming reflection output...
[C:\Windows\Microsoft.NET\Framework\v4.0.30319\MSBuild.exe - TransformManifest.proj]
Compilaci&#162;n iniciada a las 14/05/2017 20:50:22.
Proyecto &quot;G:\Entornos de Desarrollo\NavajaSuiza Pedro S&#160;nchez Lozano\NavajaSuiza\Documentaci&#162;n del proyecto\Documentaci&#162;n de Navaja Suiza\Ficheros de documentaci&#162;n\Help\Working\TransformManifest.proj&quot; en nodo 1 (destinos predeterminados).
El archivo del proyecto contiene ToolsVersion=&quot;12.0&quot;. Este conjunto de herramientas falta o es desconocido, en cuyo caso es posible que pueda resolver este problema instalando la versi&#162;n apropiada de MSBuild. Tambi‚n es posible que, por motivos de directiva, se haya exigido a la compilaci&#162;n que use un valor determinado para ToolsVersion. Se tratar&#160; el proyecto como si contuviera ToolsVersion=&quot;4.0&quot;. Para obtener m&#160;s informaci&#162;n, vea http://go.microsoft.com/fwlink/?LinkId=291333.
TransformManifest:
  XslTransform (v2016.9.17.0)
  Copyright &#184; 2006-2016, Microsoft Corporation, All Rights Reserved.
  Portions Copyright &#184; 2006-2016, Eric Woodruff, All Rights Reserved.
  Applying XSL transformation &#39;C:\Program Files\EWSoftware\Sandcastle Help File Builder\\ProductionTransforms\ApplyVSDocModel.xsl&#39;.
  Copiando el archivo de &quot;reflection.xml&quot; en &quot;reflection.nofilenames&quot;.
  XslTransform (v2016.9.17.0)
  Copyright &#184; 2006-2016, Microsoft Corporation, All Rights Reserved.
  Portions Copyright &#184; 2006-2016, Eric Woodruff, All Rights Reserved.
  Applying XSL transformation &#39;C:\Program Files\EWSoftware\Sandcastle Help File Builder\ProductionTransforms\AddFilenames.xsl&#39;.
  XslTransform (v2016.9.17.0)
  Copyright &#184; 2006-2016, Microsoft Corporation, All Rights Reserved.
  Portions Copyright &#184; 2006-2016, Eric Woodruff, All Rights Reserved.
  Applying XSL transformation &#39;C:\Program Files\EWSoftware\Sandcastle Help File Builder\ProductionTransforms\ReflectionToManifest.xsl&#39;.
Compilaci&#162;n del proyecto terminada &quot;G:\Entornos de Desarrollo\NavajaSuiza Pedro S&#160;nchez Lozano\NavajaSuiza\Documentaci&#162;n del proyecto\Documentaci&#162;n de Navaja Suiza\Ficheros de documentaci&#162;n\Help\Working\TransformManifest.proj&quot; (destinos predeterminados).

Compilaci&#162;n correcta.

Tiempo transcurrido 00:00:06.57
    Last step completed in 00:00:06,8447
</buildStep>
<buildStep step="GenerateNamespaceSummaries">
Generating namespace summary information...
    Last step completed in 00:00:00,3281
</buildStep>
<buildStep step="CopyAdditionalContent">
Copying additional content files...
No additional content to copy
    Last step completed in 00:00:00,0156
</buildStep>
<buildStep step="MergeTablesOfContents">
Merging conceptual and additional tables of contents...
    Last step completed in 00:00:00,0000
</buildStep>
<buildStep step="GenerateIntermediateTableOfContents">
Generating intermediate table of contents file...
[C:\Windows\Microsoft.NET\Framework\v4.0.30319\MSBuild.exe - GenerateIntermediateTOC.proj]
Compilaci&#162;n iniciada a las 14/05/2017 20:50:29.
Proyecto &quot;G:\Entornos de Desarrollo\NavajaSuiza Pedro S&#160;nchez Lozano\NavajaSuiza\Documentaci&#162;n del proyecto\Documentaci&#162;n de Navaja Suiza\Ficheros de documentaci&#162;n\Help\Working\GenerateIntermediateTOC.proj&quot; en nodo 1 (destinos predeterminados).
El archivo del proyecto contiene ToolsVersion=&quot;12.0&quot;. Este conjunto de herramientas falta o es desconocido, en cuyo caso es posible que pueda resolver este problema instalando la versi&#162;n apropiada de MSBuild. Tambi‚n es posible que, por motivos de directiva, se haya exigido a la compilaci&#162;n que use un valor determinado para ToolsVersion. Se tratar&#160; el proyecto como si contuviera ToolsVersion=&quot;4.0&quot;. Para obtener m&#160;s informaci&#162;n, vea http://go.microsoft.com/fwlink/?LinkId=291333.
GenerateIntermediateTOC:
  XslTransform (v2016.9.17.0)
  Copyright &#184; 2006-2016, Microsoft Corporation, All Rights Reserved.
  Portions Copyright &#184; 2006-2016, Eric Woodruff, All Rights Reserved.
  Applying XSL transformation &#39;C:\Program Files\EWSoftware\Sandcastle Help File Builder\\ProductionTransforms\CreateVSToc.xsl&#39;.
Compilaci&#162;n del proyecto terminada &quot;G:\Entornos de Desarrollo\NavajaSuiza Pedro S&#160;nchez Lozano\NavajaSuiza\Documentaci&#162;n del proyecto\Documentaci&#162;n de Navaja Suiza\Ficheros de documentaci&#162;n\Help\Working\GenerateIntermediateTOC.proj&quot; (destinos predeterminados).

Compilaci&#162;n correcta.

Tiempo transcurrido 00:00:00.50
Generating conceptual content intermediate TOC file...
    Last step completed in 00:00:00,7656
</buildStep>
<buildStep step="CreateBuildAssemblerConfigs">
Creating Sandcastle configuration files...
    sandcastle.config
    Last step completed in 00:00:00,8750
</buildStep>
<buildStep step="MergeCustomConfigs">
Merging custom build component configurations
G:\Entornos de Desarrollo\NavajaSuiza Pedro S&#225;nchez Lozano\NavajaSuiza\Documentaci&#243;n del proyecto\Documentaci&#243;n de Navaja Suiza\Ficheros de documentaci&#243;n\Help\Working\sandcastle.config
  Updating reference topic configurations.
  No conceptual content.  Removing conceptual content components.
    Last step completed in 00:00:00,0156
</buildStep>
<buildStep step="BuildTopics">
Building help topics...
[C:\Windows\Microsoft.NET\Framework\v4.0.30319\MSBuild.exe - BuildTopics.proj]
Compilaci&#162;n iniciada a las 14/05/2017 20:50:31.
Proyecto &quot;G:\Entornos de Desarrollo\NavajaSuiza Pedro S&#160;nchez Lozano\NavajaSuiza\Documentaci&#162;n del proyecto\Documentaci&#162;n de Navaja Suiza\Ficheros de documentaci&#162;n\Help\Working\BuildTopics.proj&quot; en nodo 1 (destinos predeterminados).
El archivo del proyecto contiene ToolsVersion=&quot;12.0&quot;. Este conjunto de herramientas falta o es desconocido, en cuyo caso es posible que pueda resolver este problema instalando la versi&#162;n apropiada de MSBuild. Tambi‚n es posible que, por motivos de directiva, se haya exigido a la compilaci&#162;n que use un valor determinado para ToolsVersion. Se tratar&#160; el proyecto como si contuviera ToolsVersion=&quot;4.0&quot;. Para obtener m&#160;s informaci&#162;n, vea http://go.microsoft.com/fwlink/?LinkId=291333.
BuildTopics:
  BuildAssembler (v2016.9.17.0)
  Copyright &#184; 2006-2016, Microsoft Corporation, All Rights Reserved.
  Portions Copyright &#184; 2006-2016, Eric Woodruff, All Rights Reserved.
  Loading configuration...
  Processing topics...
BuildAssembler : warning : ShowMissingComponent: [F:NavajaSuiza.FormularioMain.button1] Missing &lt;summary&gt; documentation [G:\Entornos de Desarrollo\NavajaSuiza Pedro S&#160;nchez Lozano\NavajaSuiza\Documentaci&#162;n del proyecto\Documentaci&#162;n de Navaja Suiza\Ficheros de documentaci&#162;n\Help\Working\BuildTopics.proj]
BuildAssembler : warning : ShowMissingComponent: [F:NavajaSuiza.FormularioMain.button2] Missing &lt;summary&gt; documentation [G:\Entornos de Desarrollo\NavajaSuiza Pedro S&#160;nchez Lozano\NavajaSuiza\Documentaci&#162;n del proyecto\Documentaci&#162;n de Navaja Suiza\Ficheros de documentaci&#162;n\Help\Working\BuildTopics.proj]
BuildAssembler : warning : ShowMissingComponent: [F:NavajaSuiza.FormularioMain.button3] Missing &lt;summary&gt; documentation [G:\Entornos de Desarrollo\NavajaSuiza Pedro S&#160;nchez Lozano\NavajaSuiza\Documentaci&#162;n del proyecto\Documentaci&#162;n de Navaja Suiza\Ficheros de documentaci&#162;n\Help\Working\BuildTopics.proj]
BuildAssembler : warning : ShowMissingComponent: [F:NavajaSuiza.FormularioMain.button4] Missing &lt;summary&gt; documentation [G:\Entornos de Desarrollo\NavajaSuiza Pedro S&#160;nchez Lozano\NavajaSuiza\Documentaci&#162;n del proyecto\Documentaci&#162;n de Navaja Suiza\Ficheros de documentaci&#162;n\Help\Working\BuildTopics.proj]
BuildAssembler : warning : ShowMissingComponent: [F:NavajaSuiza.FormularioMain.pictureBox1] Missing &lt;summary&gt; documentation [G:\Entornos de Desarrollo\NavajaSuiza Pedro S&#160;nchez Lozano\NavajaSuiza\Documentaci&#162;n del proyecto\Documentaci&#162;n de Navaja Suiza\Ficheros de documentaci&#162;n\Help\Working\BuildTopics.proj]
BuildAssembler : warning : ShowMissingComponent: [F:NavajaSuiza.Aplicacion1.FormularioAplicacion1.button1] Missing &lt;summary&gt; documentation [G:\Entornos de Desarrollo\NavajaSuiza Pedro S&#160;nchez Lozano\NavajaSuiza\Documentaci&#162;n del proyecto\Documentaci&#162;n de Navaja Suiza\Ficheros de documentaci&#162;n\Help\Working\BuildTopics.proj]
BuildAssembler : warning : ShowMissingComponent: [F:NavajaSuiza.Aplicacion1.FormularioAplicacion1.label1] Missing &lt;summary&gt; documentation [G:\Entornos de Desarrollo\NavajaSuiza Pedro S&#160;nchez Lozano\NavajaSuiza\Documentaci&#162;n del proyecto\Documentaci&#162;n de Navaja Suiza\Ficheros de documentaci&#162;n\Help\Working\BuildTopics.proj]
BuildAssembler : warning : ShowMissingComponent: [F:NavajaSuiza.Aplicacion1.FormularioHora.BotonMostrar] Missing &lt;summary&gt; documentation [G:\Entornos de Desarrollo\NavajaSuiza Pedro S&#160;nchez Lozano\NavajaSuiza\Documentaci&#162;n del proyecto\Documentaci&#162;n de Navaja Suiza\Ficheros de documentaci&#162;n\Help\Working\BuildTopics.proj]
BuildAssembler : warning : ShowMissingComponent: [F:NavajaSuiza.Aplicacion1.FormularioHora.Label1] Missing &lt;summary&gt; documentation [G:\Entornos de Desarrollo\NavajaSuiza Pedro S&#160;nchez Lozano\NavajaSuiza\Documentaci&#162;n del proyecto\Documentaci&#162;n de Navaja Suiza\Ficheros de documentaci&#162;n\Help\Working\BuildTopics.proj]
BuildAssembler : warning : ShowMissingComponent: [F:NavajaSuiza.Aplicacion1.FormularioHora.Label2] Missing &lt;summary&gt; documentation [G:\Entornos de Desarrollo\NavajaSuiza Pedro S&#160;nchez Lozano\NavajaSuiza\Documentaci&#162;n del proyecto\Documentaci&#162;n de Navaja Suiza\Ficheros de documentaci&#162;n\Help\Working\BuildTopics.proj]
BuildAssembler : warning : ShowMissingComponent: [F:NavajaSuiza.Aplicacion1.FormularioHora.Label3] Missing &lt;summary&gt; documentation [G:\Entornos de Desarrollo\NavajaSuiza Pedro S&#160;nchez Lozano\NavajaSuiza\Documentaci&#162;n del proyecto\Documentaci&#162;n de Navaja Suiza\Ficheros de documentaci&#162;n\Help\Working\BuildTopics.proj]
BuildAssembler : warning : ShowMissingComponent: [F:NavajaSuiza.Aplicacion1.FormularioHora.TextBoxHoras] Missing &lt;summary&gt; documentation [G:\Entornos de Desarrollo\NavajaSuiza Pedro S&#160;nchez Lozano\NavajaSuiza\Documentaci&#162;n del proyecto\Documentaci&#162;n de Navaja Suiza\Ficheros de documentaci&#162;n\Help\Working\BuildTopics.proj]
BuildAssembler : warning : ShowMissingComponent: [F:NavajaSuiza.Aplicacion1.FormularioHora.TextBoxMinutos] Missing &lt;summary&gt; documentation [G:\Entornos de Desarrollo\NavajaSuiza Pedro S&#160;nchez Lozano\NavajaSuiza\Documentaci&#162;n del proyecto\Documentaci&#162;n de Navaja Suiza\Ficheros de documentaci&#162;n\Help\Working\BuildTopics.proj]
BuildAssembler : warning : ShowMissingComponent: [F:NavajaSuiza.Aplicacion1.FormularioHora.TextBoxSegundos] Missing &lt;summary&gt; documentation [G:\Entornos de Desarrollo\NavajaSuiza Pedro S&#160;nchez Lozano\NavajaSuiza\Documentaci&#162;n del proyecto\Documentaci&#162;n de Navaja Suiza\Ficheros de documentaci&#162;n\Help\Working\BuildTopics.proj]
BuildAssembler : warning : ShowMissingComponent: [F:NavajaSuiza.Aplicacion2.FormularioAplicacion2.Boton1] Missing &lt;summary&gt; documentation [G:\Entornos de Desarrollo\NavajaSuiza Pedro S&#160;nchez Lozano\NavajaSuiza\Documentaci&#162;n del proyecto\Documentaci&#162;n de Navaja Suiza\Ficheros de documentaci&#162;n\Help\Working\BuildTopics.proj]
BuildAssembler : warning : ShowMissingComponent: [F:NavajaSuiza.Aplicacion2.FormularioAplicacion2.Label1] Missing &lt;summary&gt; documentation [G:\Entornos de Desarrollo\NavajaSuiza Pedro S&#160;nchez Lozano\NavajaSuiza\Documentaci&#162;n del proyecto\Documentaci&#162;n de Navaja Suiza\Ficheros de documentaci&#162;n\Help\Working\BuildTopics.proj]
BuildAssembler : warning : ShowMissingComponent: [F:NavajaSuiza.Aplicacion2.FormularioFactorial.Boton1] Missing &lt;summary&gt; documentation [G:\Entornos de Desarrollo\NavajaSuiza Pedro S&#160;nchez Lozano\NavajaSuiza\Documentaci&#162;n del proyecto\Documentaci&#162;n de Navaja Suiza\Ficheros de documentaci&#162;n\Help\Working\BuildTopics.proj]
BuildAssembler : warning : ShowMissingComponent: [M:NavajaSuiza.Aplicacion2.FormularioFactorial.Form1_Load(System.Object,System.EventArgs)] Missing &lt;summary&gt; documentation [G:\Entornos de Desarrollo\NavajaSuiza Pedro S&#160;nchez Lozano\NavajaSuiza\Documentaci&#162;n del proyecto\Documentaci&#162;n de Navaja Suiza\Ficheros de documentaci&#162;n\Help\Working\BuildTopics.proj]
BuildAssembler : warning : ShowMissingComponent: [M:NavajaSuiza.Aplicacion2.FormularioFactorial.Form1_Load(System.Object,System.EventArgs)] Missing &lt;param name=&quot;sender&quot;/&gt; documentation [G:\Entornos de Desarrollo\NavajaSuiza Pedro S&#160;nchez Lozano\NavajaSuiza\Documentaci&#162;n del proyecto\Documentaci&#162;n de Navaja Suiza\Ficheros de documentaci&#162;n\Help\Working\BuildTopics.proj]
BuildAssembler : warning : ShowMissingComponent: [M:NavajaSuiza.Aplicacion2.FormularioFactorial.Form1_Load(System.Object,System.EventArgs)] Missing &lt;param name=&quot;e&quot;/&gt; documentation [G:\Entornos de Desarrollo\NavajaSuiza Pedro S&#160;nchez Lozano\NavajaSuiza\Documentaci&#162;n del proyecto\Documentaci&#162;n de Navaja Suiza\Ficheros de documentaci&#162;n\Help\Working\BuildTopics.proj]
BuildAssembler : warning : ShowMissingComponent: [F:NavajaSuiza.Aplicacion2.FormularioFactorial.Label1] Missing &lt;summary&gt; documentation [G:\Entornos de Desarrollo\NavajaSuiza Pedro S&#160;nchez Lozano\NavajaSuiza\Documentaci&#162;n del proyecto\Documentaci&#162;n de Navaja Suiza\Ficheros de documentaci&#162;n\Help\Working\BuildTopics.proj]
BuildAssembler : warning : ShowMissingComponent: [F:NavajaSuiza.Aplicacion2.FormularioFactorial.TextBoxFactorial] Missing &lt;summary&gt; documentation [G:\Entornos de Desarrollo\NavajaSuiza Pedro S&#160;nchez Lozano\NavajaSuiza\Documentaci&#162;n del proyecto\Documentaci&#162;n de Navaja Suiza\Ficheros de documentaci&#162;n\Help\Working\BuildTopics.proj]
BuildAssembler : warning : ShowMissingComponent: [F:NavajaSuiza.Aplicacion3.FormularioAplicacion4.Boton1] Missing &lt;summary&gt; documentation [G:\Entornos de Desarrollo\NavajaSuiza Pedro S&#160;nchez Lozano\NavajaSuiza\Documentaci&#162;n del proyecto\Documentaci&#162;n de Navaja Suiza\Ficheros de documentaci&#162;n\Help\Working\BuildTopics.proj]
BuildAssembler : warning : ShowMissingComponent: [F:NavajaSuiza.Aplicacion3.FormularioAplicacion4.Label1] Missing &lt;summary&gt; documentation [G:\Entornos de Desarrollo\NavajaSuiza Pedro S&#160;nchez Lozano\NavajaSuiza\Documentaci&#162;n del proyecto\Documentaci&#162;n de Navaja Suiza\Ficheros de documentaci&#162;n\Help\Working\BuildTopics.proj]
BuildAssembler : warning : ShowMissingComponent: [F:NavajaSuiza.Aplicacion3.FormularioPotencia.BotonCalcular] Missing &lt;summary&gt; documentation [G:\Entornos de Desarrollo\NavajaSuiza Pedro S&#160;nchez Lozano\NavajaSuiza\Documentaci&#162;n del proyecto\Documentaci&#162;n de Navaja Suiza\Ficheros de documentaci&#162;n\Help\Working\BuildTopics.proj]
BuildAssembler : warning : ShowMissingComponent: [M:NavajaSuiza.Aplicacion3.FormularioPotencia.FormularioPotencia_Load(System.Object,System.EventArgs)] Missing &lt;summary&gt; documentation [G:\Entornos de Desarrollo\NavajaSuiza Pedro S&#160;nchez Lozano\NavajaSuiza\Documentaci&#162;n del proyecto\Documentaci&#162;n de Navaja Suiza\Ficheros de documentaci&#162;n\Help\Working\BuildTopics.proj]
BuildAssembler : warning : ShowMissingComponent: [M:NavajaSuiza.Aplicacion3.FormularioPotencia.FormularioPotencia_Load(System.Object,System.EventArgs)] Missing &lt;param name=&quot;sender&quot;/&gt; documentation [G:\Entornos de Desarrollo\NavajaSuiza Pedro S&#160;nchez Lozano\NavajaSuiza\Documentaci&#162;n del proyecto\Documentaci&#162;n de Navaja Suiza\Ficheros de documentaci&#162;n\Help\Working\BuildTopics.proj]
BuildAssembler : warning : ShowMissingComponent: [M:NavajaSuiza.Aplicacion3.FormularioPotencia.FormularioPotencia_Load(System.Object,System.EventArgs)] Missing &lt;param name=&quot;e&quot;/&gt; documentation [G:\Entornos de Desarrollo\NavajaSuiza Pedro S&#160;nchez Lozano\NavajaSuiza\Documentaci&#162;n del proyecto\Documentaci&#162;n de Navaja Suiza\Ficheros de documentaci&#162;n\Help\Working\BuildTopics.proj]
BuildAssembler : warning : ShowMissingComponent: [F:NavajaSuiza.Aplicacion3.FormularioPotencia.Label1] Missing &lt;summary&gt; documentation [G:\Entornos de Desarrollo\NavajaSuiza Pedro S&#160;nchez Lozano\NavajaSuiza\Documentaci&#162;n del proyecto\Documentaci&#162;n de Navaja Suiza\Ficheros de documentaci&#162;n\Help\Working\BuildTopics.proj]
BuildAssembler : warning : ShowMissingComponent: [F:NavajaSuiza.Aplicacion3.FormularioPotencia.Label2] Missing &lt;summary&gt; documentation [G:\Entornos de Desarrollo\NavajaSuiza Pedro S&#160;nchez Lozano\NavajaSuiza\Documentaci&#162;n del proyecto\Documentaci&#162;n de Navaja Suiza\Ficheros de documentaci&#162;n\Help\Working\BuildTopics.proj]
BuildAssembler : warning : ShowMissingComponent: [F:NavajaSuiza.Aplicacion3.FormularioPotencia.TextBoxNumero] Missing &lt;summary&gt; documentation [G:\Entornos de Desarrollo\NavajaSuiza Pedro S&#160;nchez Lozano\NavajaSuiza\Documentaci&#162;n del proyecto\Documentaci&#162;n de Navaja Suiza\Ficheros de documentaci&#162;n\Help\Working\BuildTopics.proj]
BuildAssembler : warning : ShowMissingComponent: [F:NavajaSuiza.Aplicacion3.FormularioPotencia.TextBoxPotencia] Missing &lt;summary&gt; documentation [G:\Entornos de Desarrollo\NavajaSuiza Pedro S&#160;nchez Lozano\NavajaSuiza\Documentaci&#162;n del proyecto\Documentaci&#162;n de Navaja Suiza\Ficheros de documentaci&#162;n\Help\Working\BuildTopics.proj]
BuildAssembler : warning : ShowMissingComponent: [F:NavajaSuiza.Aplicacion4.FormularioAplicacion4.Boton1] Missing &lt;summary&gt; documentation [G:\Entornos de Desarrollo\NavajaSuiza Pedro S&#160;nchez Lozano\NavajaSuiza\Documentaci&#162;n del proyecto\Documentaci&#162;n de Navaja Suiza\Ficheros de documentaci&#162;n\Help\Working\BuildTopics.proj]
BuildAssembler : warning : ShowMissingComponent: [F:NavajaSuiza.Aplicacion4.FormularioAplicacion4.Label1] Missing &lt;summary&gt; documentation [G:\Entornos de Desarrollo\NavajaSuiza Pedro S&#160;nchez Lozano\NavajaSuiza\Documentaci&#162;n del proyecto\Documentaci&#162;n de Navaja Suiza\Ficheros de documentaci&#162;n\Help\Working\BuildTopics.proj]
BuildAssembler : warning : ShowMissingComponent: [F:NavajaSuiza.Aplicacion4.FormularioFibonacci.BotonCalcular] Missing &lt;summary&gt; documentation [G:\Entornos de Desarrollo\NavajaSuiza Pedro S&#160;nchez Lozano\NavajaSuiza\Documentaci&#162;n del proyecto\Documentaci&#162;n de Navaja Suiza\Ficheros de documentaci&#162;n\Help\Working\BuildTopics.proj]
BuildAssembler : warning : ShowMissingComponent: [M:NavajaSuiza.Aplicacion4.FormularioFibonacci.FormularioFibonacci_Load(System.Object,System.EventArgs)] Missing &lt;summary&gt; documentation [G:\Entornos de Desarrollo\NavajaSuiza Pedro S&#160;nchez Lozano\NavajaSuiza\Documentaci&#162;n del proyecto\Documentaci&#162;n de Navaja Suiza\Ficheros de documentaci&#162;n\Help\Working\BuildTopics.proj]
BuildAssembler : warning : ShowMissingComponent: [M:NavajaSuiza.Aplicacion4.FormularioFibonacci.FormularioFibonacci_Load(System.Object,System.EventArgs)] Missing &lt;param name=&quot;sender&quot;/&gt; documentation [G:\Entornos de Desarrollo\NavajaSuiza Pedro S&#160;nchez Lozano\NavajaSuiza\Documentaci&#162;n del proyecto\Documentaci&#162;n de Navaja Suiza\Ficheros de documentaci&#162;n\Help\Working\BuildTopics.proj]
BuildAssembler : warning : ShowMissingComponent: [M:NavajaSuiza.Aplicacion4.FormularioFibonacci.FormularioFibonacci_Load(System.Object,System.EventArgs)] Missing &lt;param name=&quot;e&quot;/&gt; documentation [G:\Entornos de Desarrollo\NavajaSuiza Pedro S&#160;nchez Lozano\NavajaSuiza\Documentaci&#162;n del proyecto\Documentaci&#162;n de Navaja Suiza\Ficheros de documentaci&#162;n\Help\Working\BuildTopics.proj]
BuildAssembler : warning : ShowMissingComponent: [F:NavajaSuiza.Aplicacion4.FormularioFibonacci.Label1] Missing &lt;summary&gt; documentation [G:\Entornos de Desarrollo\NavajaSuiza Pedro S&#160;nchez Lozano\NavajaSuiza\Documentaci&#162;n del proyecto\Documentaci&#162;n de Navaja Suiza\Ficheros de documentaci&#162;n\Help\Working\BuildTopics.proj]
BuildAssembler : warning : ShowMissingComponent: [F:NavajaSuiza.Aplicacion4.FormularioFibonacci.TextBoxFibonacci] Missing &lt;summary&gt; documentation [G:\Entornos de Desarrollo\NavajaSuiza Pedro S&#160;nchez Lozano\NavajaSuiza\Documentaci&#162;n del proyecto\Documentaci&#162;n de Navaja Suiza\Ficheros de documentaci&#162;n\Help\Working\BuildTopics.proj]
  Processed 149 topic(s)
  40 warning(s)
  CopyFromIndexComponent: &quot;reflection&quot; in-memory cache entries used: 4 of 15.
  CopyFromIndexComponent: &quot;comments&quot; in-memory cache entries used: 5 of 30.
Compilaci&#162;n del proyecto terminada &quot;G:\Entornos de Desarrollo\NavajaSuiza Pedro S&#160;nchez Lozano\NavajaSuiza\Documentaci&#162;n del proyecto\Documentaci&#162;n de Navaja Suiza\Ficheros de documentaci&#162;n\Help\Working\BuildTopics.proj&quot; (destinos predeterminados).

Compilaci&#162;n correcta.

Tiempo transcurrido 00:00:38.23
    Last step completed in 00:00:38,5947
</buildStep>
<buildStep step="CombiningIntermediateTocFiles">
Combining conceptual and API intermediate TOC files...
    Last step completed in 00:00:00,0000
</buildStep>
<buildStep step="ExtractingHtmlInfo">
Extracting HTML info for HTML Help 1 and/or website...
[C:\Windows\Microsoft.NET\Framework\v4.0.30319\MSBuild.exe - ExtractHtmlInfo.proj]
El archivo del proyecto contiene ToolsVersion=&quot;12.0&quot;. Este conjunto de herramientas falta o es desconocido, en cuyo caso es posible que pueda resolver este problema instalando la versi&#162;n apropiada de MSBuild. Tambi‚n es posible que, por motivos de directiva, se haya exigido a la compilaci&#162;n que use un valor determinado para ToolsVersion. Se tratar&#160; el proyecto como si contuviera ToolsVersion=&quot;4.0&quot;. Para obtener m&#160;s informaci&#162;n, vea http://go.microsoft.com/fwlink/?LinkId=291333.
Sandcastle Help File Builder and Tools, version 2016.9.17.0
Copyright &#184; 2006-2016, Eric Woodruff, All Rights Reserved
E-Mail: Eric@EWoodruff.us

Using LCID &#39;3082&#39;, code page &#39;65001&#39;, encoding charset &#39;UTF-8&#39;.

Processing Help 1 files in G:\Entornos de Desarrollo\NavajaSuiza Pedro S&#160;nchez Lozano\NavajaSuiza\Documentaci&#162;n del proyecto\Documentaci&#162;n de Navaja Suiza\Ficheros de documentaci&#162;n\Help\Working\Output\HtmlHelp1
Processed 149 HTML files
Sorting keywords and generating See Also indices
Saving HTML Help 1 keyword index to G:\Entornos de Desarrollo\NavajaSuiza Pedro S&#160;nchez Lozano\NavajaSuiza\Documentaci&#162;n del proyecto\Documentaci&#162;n de Navaja Suiza\Ficheros de documentaci&#162;n\Help\Working\Documentaci&#162;n.hhk
Saving HTML Help 1 table of contents to G:\Entornos de Desarrollo\NavajaSuiza Pedro S&#160;nchez Lozano\NavajaSuiza\Documentaci&#162;n del proyecto\Documentaci&#162;n de Navaja Suiza\Ficheros de documentaci&#162;n\Help\Working\Documentaci&#162;n.hhc
    Last step completed in 00:00:02,7656
</buildStep>
<buildStep step="CopyStandardHelpContent">
Copying standard help content...
C:\Program Files\EWSoftware\Sandcastle Help File Builder\PresentationStyles\VS2013\icons\AlertCaution.png -&gt; G:\Entornos de Desarrollo\NavajaSuiza Pedro S&#225;nchez Lozano\NavajaSuiza\Documentaci&#243;n del proyecto\Documentaci&#243;n de Navaja Suiza\Ficheros de documentaci&#243;n\Help\Working\Output\HtmlHelp1\icons\AlertCaution.png
C:\Program Files\EWSoftware\Sandcastle Help File Builder\PresentationStyles\VS2013\icons\AlertNote.png -&gt; G:\Entornos de Desarrollo\NavajaSuiza Pedro S&#225;nchez Lozano\NavajaSuiza\Documentaci&#243;n del proyecto\Documentaci&#243;n de Navaja Suiza\Ficheros de documentaci&#243;n\Help\Working\Output\HtmlHelp1\icons\AlertNote.png
C:\Program Files\EWSoftware\Sandcastle Help File Builder\PresentationStyles\VS2013\icons\AlertSecurity.png -&gt; G:\Entornos de Desarrollo\NavajaSuiza Pedro S&#225;nchez Lozano\NavajaSuiza\Documentaci&#243;n del proyecto\Documentaci&#243;n de Navaja Suiza\Ficheros de documentaci&#243;n\Help\Working\Output\HtmlHelp1\icons\AlertSecurity.png
C:\Program Files\EWSoftware\Sandcastle Help File Builder\PresentationStyles\VS2013\icons\CFW.gif -&gt; G:\Entornos de Desarrollo\NavajaSuiza Pedro S&#225;nchez Lozano\NavajaSuiza\Documentaci&#243;n del proyecto\Documentaci&#243;n de Navaja Suiza\Ficheros de documentaci&#243;n\Help\Working\Output\HtmlHelp1\icons\CFW.gif
C:\Program Files\EWSoftware\Sandcastle Help File Builder\PresentationStyles\VS2013\icons\CodeExample.png -&gt; G:\Entornos de Desarrollo\NavajaSuiza Pedro S&#225;nchez Lozano\NavajaSuiza\Documentaci&#243;n del proyecto\Documentaci&#243;n de Navaja Suiza\Ficheros de documentaci&#243;n\Help\Working\Output\HtmlHelp1\icons\CodeExample.png
C:\Program Files\EWSoftware\Sandcastle Help File Builder\PresentationStyles\VS2013\icons\favicon.ico -&gt; G:\Entornos de Desarrollo\NavajaSuiza Pedro S&#225;nchez Lozano\NavajaSuiza\Documentaci&#243;n del proyecto\Documentaci&#243;n de Navaja Suiza\Ficheros de documentaci&#243;n\Help\Working\Output\HtmlHelp1\icons\favicon.ico
C:\Program Files\EWSoftware\Sandcastle Help File Builder\PresentationStyles\VS2013\icons\privclass.gif -&gt; G:\Entornos de Desarrollo\NavajaSuiza Pedro S&#225;nchez Lozano\NavajaSuiza\Documentaci&#243;n del proyecto\Documentaci&#243;n de Navaja Suiza\Ficheros de documentaci&#243;n\Help\Working\Output\HtmlHelp1\icons\privclass.gif
C:\Program Files\EWSoftware\Sandcastle Help File Builder\PresentationStyles\VS2013\icons\privdelegate.gif -&gt; G:\Entornos de Desarrollo\NavajaSuiza Pedro S&#225;nchez Lozano\NavajaSuiza\Documentaci&#243;n del proyecto\Documentaci&#243;n de Navaja Suiza\Ficheros de documentaci&#243;n\Help\Working\Output\HtmlHelp1\icons\privdelegate.gif
C:\Program Files\EWSoftware\Sandcastle Help File Builder\PresentationStyles\VS2013\icons\privenumeration.gif -&gt; G:\Entornos de Desarrollo\NavajaSuiza Pedro S&#225;nchez Lozano\NavajaSuiza\Documentaci&#243;n del proyecto\Documentaci&#243;n de Navaja Suiza\Ficheros de documentaci&#243;n\Help\Working\Output\HtmlHelp1\icons\privenumeration.gif
C:\Program Files\EWSoftware\Sandcastle Help File Builder\PresentationStyles\VS2013\icons\privevent.gif -&gt; G:\Entornos de Desarrollo\NavajaSuiza Pedro S&#225;nchez Lozano\NavajaSuiza\Documentaci&#243;n del proyecto\Documentaci&#243;n de Navaja Suiza\Ficheros de documentaci&#243;n\Help\Working\Output\HtmlHelp1\icons\privevent.gif
C:\Program Files\EWSoftware\Sandcastle Help File Builder\PresentationStyles\VS2013\icons\privextension.gif -&gt; G:\Entornos de Desarrollo\NavajaSuiza Pedro S&#225;nchez Lozano\NavajaSuiza\Documentaci&#243;n del proyecto\Documentaci&#243;n de Navaja Suiza\Ficheros de documentaci&#243;n\Help\Working\Output\HtmlHelp1\icons\privextension.gif
C:\Program Files\EWSoftware\Sandcastle Help File Builder\PresentationStyles\VS2013\icons\privfield.gif -&gt; G:\Entornos de Desarrollo\NavajaSuiza Pedro S&#225;nchez Lozano\NavajaSuiza\Documentaci&#243;n del proyecto\Documentaci&#243;n de Navaja Suiza\Ficheros de documentaci&#243;n\Help\Working\Output\HtmlHelp1\icons\privfield.gif
C:\Program Files\EWSoftware\Sandcastle Help File Builder\PresentationStyles\VS2013\icons\privinterface.gif -&gt; G:\Entornos de Desarrollo\NavajaSuiza Pedro S&#225;nchez Lozano\NavajaSuiza\Documentaci&#243;n del proyecto\Documentaci&#243;n de Navaja Suiza\Ficheros de documentaci&#243;n\Help\Working\Output\HtmlHelp1\icons\privinterface.gif
C:\Program Files\EWSoftware\Sandcastle Help File Builder\PresentationStyles\VS2013\icons\privmethod.gif -&gt; G:\Entornos de Desarrollo\NavajaSuiza Pedro S&#225;nchez Lozano\NavajaSuiza\Documentaci&#243;n del proyecto\Documentaci&#243;n de Navaja Suiza\Ficheros de documentaci&#243;n\Help\Working\Output\HtmlHelp1\icons\privmethod.gif
C:\Program Files\EWSoftware\Sandcastle Help File Builder\PresentationStyles\VS2013\icons\privproperty.gif -&gt; G:\Entornos de Desarrollo\NavajaSuiza Pedro S&#225;nchez Lozano\NavajaSuiza\Documentaci&#243;n del proyecto\Documentaci&#243;n de Navaja Suiza\Ficheros de documentaci&#243;n\Help\Working\Output\HtmlHelp1\icons\privproperty.gif
C:\Program Files\EWSoftware\Sandcastle Help File Builder\PresentationStyles\VS2013\icons\privstructure.gif -&gt; G:\Entornos de Desarrollo\NavajaSuiza Pedro S&#225;nchez Lozano\NavajaSuiza\Documentaci&#243;n del proyecto\Documentaci&#243;n de Navaja Suiza\Ficheros de documentaci&#243;n\Help\Working\Output\HtmlHelp1\icons\privstructure.gif
C:\Program Files\EWSoftware\Sandcastle Help File Builder\PresentationStyles\VS2013\icons\protclass.gif -&gt; G:\Entornos de Desarrollo\NavajaSuiza Pedro S&#225;nchez Lozano\NavajaSuiza\Documentaci&#243;n del proyecto\Documentaci&#243;n de Navaja Suiza\Ficheros de documentaci&#243;n\Help\Working\Output\HtmlHelp1\icons\protclass.gif
C:\Program Files\EWSoftware\Sandcastle Help File Builder\PresentationStyles\VS2013\icons\protdelegate.gif -&gt; G:\Entornos de Desarrollo\NavajaSuiza Pedro S&#225;nchez Lozano\NavajaSuiza\Documentaci&#243;n del proyecto\Documentaci&#243;n de Navaja Suiza\Ficheros de documentaci&#243;n\Help\Working\Output\HtmlHelp1\icons\protdelegate.gif
C:\Program Files\EWSoftware\Sandcastle Help File Builder\PresentationStyles\VS2013\icons\protenumeration.gif -&gt; G:\Entornos de Desarrollo\NavajaSuiza Pedro S&#225;nchez Lozano\NavajaSuiza\Documentaci&#243;n del proyecto\Documentaci&#243;n de Navaja Suiza\Ficheros de documentaci&#243;n\Help\Working\Output\HtmlHelp1\icons\protenumeration.gif
C:\Program Files\EWSoftware\Sandcastle Help File Builder\PresentationStyles\VS2013\icons\protevent.gif -&gt; G:\Entornos de Desarrollo\NavajaSuiza Pedro S&#225;nchez Lozano\NavajaSuiza\Documentaci&#243;n del proyecto\Documentaci&#243;n de Navaja Suiza\Ficheros de documentaci&#243;n\Help\Working\Output\HtmlHelp1\icons\protevent.gif
C:\Program Files\EWSoftware\Sandcastle Help File Builder\PresentationStyles\VS2013\icons\protextension.gif -&gt; G:\Entornos de Desarrollo\NavajaSuiza Pedro S&#225;nchez Lozano\NavajaSuiza\Documentaci&#243;n del proyecto\Documentaci&#243;n de Navaja Suiza\Ficheros de documentaci&#243;n\Help\Working\Output\HtmlHelp1\icons\protextension.gif
C:\Program Files\EWSoftware\Sandcastle Help File Builder\PresentationStyles\VS2013\icons\protfield.gif -&gt; G:\Entornos de Desarrollo\NavajaSuiza Pedro S&#225;nchez Lozano\NavajaSuiza\Documentaci&#243;n del proyecto\Documentaci&#243;n de Navaja Suiza\Ficheros de documentaci&#243;n\Help\Working\Output\HtmlHelp1\icons\protfield.gif
C:\Program Files\EWSoftware\Sandcastle Help File Builder\PresentationStyles\VS2013\icons\protinterface.gif -&gt; G:\Entornos de Desarrollo\NavajaSuiza Pedro S&#225;nchez Lozano\NavajaSuiza\Documentaci&#243;n del proyecto\Documentaci&#243;n de Navaja Suiza\Ficheros de documentaci&#243;n\Help\Working\Output\HtmlHelp1\icons\protinterface.gif
C:\Program Files\EWSoftware\Sandcastle Help File Builder\PresentationStyles\VS2013\icons\protmethod.gif -&gt; G:\Entornos de Desarrollo\NavajaSuiza Pedro S&#225;nchez Lozano\NavajaSuiza\Documentaci&#243;n del proyecto\Documentaci&#243;n de Navaja Suiza\Ficheros de documentaci&#243;n\Help\Working\Output\HtmlHelp1\icons\protmethod.gif
C:\Program Files\EWSoftware\Sandcastle Help File Builder\PresentationStyles\VS2013\icons\protoperator.gif -&gt; G:\Entornos de Desarrollo\NavajaSuiza Pedro S&#225;nchez Lozano\NavajaSuiza\Documentaci&#243;n del proyecto\Documentaci&#243;n de Navaja Suiza\Ficheros de documentaci&#243;n\Help\Working\Output\HtmlHelp1\icons\protoperator.gif
C:\Program Files\EWSoftware\Sandcastle Help File Builder\PresentationStyles\VS2013\icons\protproperty.gif -&gt; G:\Entornos de Desarrollo\NavajaSuiza Pedro S&#225;nchez Lozano\NavajaSuiza\Documentaci&#243;n del proyecto\Documentaci&#243;n de Navaja Suiza\Ficheros de documentaci&#243;n\Help\Working\Output\HtmlHelp1\icons\protproperty.gif
C:\Program Files\EWSoftware\Sandcastle Help File Builder\PresentationStyles\VS2013\icons\protstructure.gif -&gt; G:\Entornos de Desarrollo\NavajaSuiza Pedro S&#225;nchez Lozano\NavajaSuiza\Documentaci&#243;n del proyecto\Documentaci&#243;n de Navaja Suiza\Ficheros de documentaci&#243;n\Help\Working\Output\HtmlHelp1\icons\protstructure.gif
C:\Program Files\EWSoftware\Sandcastle Help File Builder\PresentationStyles\VS2013\icons\pubclass.gif -&gt; G:\Entornos de Desarrollo\NavajaSuiza Pedro S&#225;nchez Lozano\NavajaSuiza\Documentaci&#243;n del proyecto\Documentaci&#243;n de Navaja Suiza\Ficheros de documentaci&#243;n\Help\Working\Output\HtmlHelp1\icons\pubclass.gif
C:\Program Files\EWSoftware\Sandcastle Help File Builder\PresentationStyles\VS2013\icons\pubdelegate.gif -&gt; G:\Entornos de Desarrollo\NavajaSuiza Pedro S&#225;nchez Lozano\NavajaSuiza\Documentaci&#243;n del proyecto\Documentaci&#243;n de Navaja Suiza\Ficheros de documentaci&#243;n\Help\Working\Output\HtmlHelp1\icons\pubdelegate.gif
C:\Program Files\EWSoftware\Sandcastle Help File Builder\PresentationStyles\VS2013\icons\pubenumeration.gif -&gt; G:\Entornos de Desarrollo\NavajaSuiza Pedro S&#225;nchez Lozano\NavajaSuiza\Documentaci&#243;n del proyecto\Documentaci&#243;n de Navaja Suiza\Ficheros de documentaci&#243;n\Help\Working\Output\HtmlHelp1\icons\pubenumeration.gif
C:\Program Files\EWSoftware\Sandcastle Help File Builder\PresentationStyles\VS2013\icons\pubevent.gif -&gt; G:\Entornos de Desarrollo\NavajaSuiza Pedro S&#225;nchez Lozano\NavajaSuiza\Documentaci&#243;n del proyecto\Documentaci&#243;n de Navaja Suiza\Ficheros de documentaci&#243;n\Help\Working\Output\HtmlHelp1\icons\pubevent.gif
C:\Program Files\EWSoftware\Sandcastle Help File Builder\PresentationStyles\VS2013\icons\pubextension.gif -&gt; G:\Entornos de Desarrollo\NavajaSuiza Pedro S&#225;nchez Lozano\NavajaSuiza\Documentaci&#243;n del proyecto\Documentaci&#243;n de Navaja Suiza\Ficheros de documentaci&#243;n\Help\Working\Output\HtmlHelp1\icons\pubextension.gif
C:\Program Files\EWSoftware\Sandcastle Help File Builder\PresentationStyles\VS2013\icons\pubfield.gif -&gt; G:\Entornos de Desarrollo\NavajaSuiza Pedro S&#225;nchez Lozano\NavajaSuiza\Documentaci&#243;n del proyecto\Documentaci&#243;n de Navaja Suiza\Ficheros de documentaci&#243;n\Help\Working\Output\HtmlHelp1\icons\pubfield.gif
C:\Program Files\EWSoftware\Sandcastle Help File Builder\PresentationStyles\VS2013\icons\pubinterface.gif -&gt; G:\Entornos de Desarrollo\NavajaSuiza Pedro S&#225;nchez Lozano\NavajaSuiza\Documentaci&#243;n del proyecto\Documentaci&#243;n de Navaja Suiza\Ficheros de documentaci&#243;n\Help\Working\Output\HtmlHelp1\icons\pubinterface.gif
C:\Program Files\EWSoftware\Sandcastle Help File Builder\PresentationStyles\VS2013\icons\pubmethod.gif -&gt; G:\Entornos de Desarrollo\NavajaSuiza Pedro S&#225;nchez Lozano\NavajaSuiza\Documentaci&#243;n del proyecto\Documentaci&#243;n de Navaja Suiza\Ficheros de documentaci&#243;n\Help\Working\Output\HtmlHelp1\icons\pubmethod.gif
C:\Program Files\EWSoftware\Sandcastle Help File Builder\PresentationStyles\VS2013\icons\puboperator.gif -&gt; G:\Entornos de Desarrollo\NavajaSuiza Pedro S&#225;nchez Lozano\NavajaSuiza\Documentaci&#243;n del proyecto\Documentaci&#243;n de Navaja Suiza\Ficheros de documentaci&#243;n\Help\Working\Output\HtmlHelp1\icons\puboperator.gif
C:\Program Files\EWSoftware\Sandcastle Help File Builder\PresentationStyles\VS2013\icons\pubproperty.gif -&gt; G:\Entornos de Desarrollo\NavajaSuiza Pedro S&#225;nchez Lozano\NavajaSuiza\Documentaci&#243;n del proyecto\Documentaci&#243;n de Navaja Suiza\Ficheros de documentaci&#243;n\Help\Working\Output\HtmlHelp1\icons\pubproperty.gif
C:\Program Files\EWSoftware\Sandcastle Help File Builder\PresentationStyles\VS2013\icons\pubstructure.gif -&gt; G:\Entornos de Desarrollo\NavajaSuiza Pedro S&#225;nchez Lozano\NavajaSuiza\Documentaci&#243;n del proyecto\Documentaci&#243;n de Navaja Suiza\Ficheros de documentaci&#243;n\Help\Working\Output\HtmlHelp1\icons\pubstructure.gif
C:\Program Files\EWSoftware\Sandcastle Help File Builder\PresentationStyles\VS2013\icons\SectionCollapsed.png -&gt; G:\Entornos de Desarrollo\NavajaSuiza Pedro S&#225;nchez Lozano\NavajaSuiza\Documentaci&#243;n del proyecto\Documentaci&#243;n de Navaja Suiza\Ficheros de documentaci&#243;n\Help\Working\Output\HtmlHelp1\icons\SectionCollapsed.png
C:\Program Files\EWSoftware\Sandcastle Help File Builder\PresentationStyles\VS2013\icons\SectionExpanded.png -&gt; G:\Entornos de Desarrollo\NavajaSuiza Pedro S&#225;nchez Lozano\NavajaSuiza\Documentaci&#243;n del proyecto\Documentaci&#243;n de Navaja Suiza\Ficheros de documentaci&#243;n\Help\Working\Output\HtmlHelp1\icons\SectionExpanded.png
C:\Program Files\EWSoftware\Sandcastle Help File Builder\PresentationStyles\VS2013\icons\slMobile.gif -&gt; G:\Entornos de Desarrollo\NavajaSuiza Pedro S&#225;nchez Lozano\NavajaSuiza\Documentaci&#243;n del proyecto\Documentaci&#243;n de Navaja Suiza\Ficheros de documentaci&#243;n\Help\Working\Output\HtmlHelp1\icons\slMobile.gif
C:\Program Files\EWSoftware\Sandcastle Help File Builder\PresentationStyles\VS2013\icons\static.gif -&gt; G:\Entornos de Desarrollo\NavajaSuiza Pedro S&#225;nchez Lozano\NavajaSuiza\Documentaci&#243;n del proyecto\Documentaci&#243;n de Navaja Suiza\Ficheros de documentaci&#243;n\Help\Working\Output\HtmlHelp1\icons\static.gif
C:\Program Files\EWSoftware\Sandcastle Help File Builder\PresentationStyles\VS2013\icons\xna.gif -&gt; G:\Entornos de Desarrollo\NavajaSuiza Pedro S&#225;nchez Lozano\NavajaSuiza\Documentaci&#243;n del proyecto\Documentaci&#243;n de Navaja Suiza\Ficheros de documentaci&#243;n\Help\Working\Output\HtmlHelp1\icons\xna.gif
C:\Program Files\EWSoftware\Sandcastle Help File Builder\PresentationStyles\VS2013\scripts\branding.js -&gt; G:\Entornos de Desarrollo\NavajaSuiza Pedro S&#225;nchez Lozano\NavajaSuiza\Documentaci&#243;n del proyecto\Documentaci&#243;n de Navaja Suiza\Ficheros de documentaci&#243;n\Help\Working\Output\HtmlHelp1\scripts\branding.js
C:\Program Files\EWSoftware\Sandcastle Help File Builder\PresentationStyles\VS2013\styles\branding-cs-CZ.css -&gt; G:\Entornos de Desarrollo\NavajaSuiza Pedro S&#225;nchez Lozano\NavajaSuiza\Documentaci&#243;n del proyecto\Documentaci&#243;n de Navaja Suiza\Ficheros de documentaci&#243;n\Help\Working\Output\HtmlHelp1\styles\branding-cs-CZ.css
C:\Program Files\EWSoftware\Sandcastle Help File Builder\PresentationStyles\VS2013\styles\branding-de-DE.css -&gt; G:\Entornos de Desarrollo\NavajaSuiza Pedro S&#225;nchez Lozano\NavajaSuiza\Documentaci&#243;n del proyecto\Documentaci&#243;n de Navaja Suiza\Ficheros de documentaci&#243;n\Help\Working\Output\HtmlHelp1\styles\branding-de-DE.css
C:\Program Files\EWSoftware\Sandcastle Help File Builder\PresentationStyles\VS2013\styles\branding-en-US.css -&gt; G:\Entornos de Desarrollo\NavajaSuiza Pedro S&#225;nchez Lozano\NavajaSuiza\Documentaci&#243;n del proyecto\Documentaci&#243;n de Navaja Suiza\Ficheros de documentaci&#243;n\Help\Working\Output\HtmlHelp1\styles\branding-en-US.css
C:\Program Files\EWSoftware\Sandcastle Help File Builder\PresentationStyles\VS2013\styles\branding-es-ES.css -&gt; G:\Entornos de Desarrollo\NavajaSuiza Pedro S&#225;nchez Lozano\NavajaSuiza\Documentaci&#243;n del proyecto\Documentaci&#243;n de Navaja Suiza\Ficheros de documentaci&#243;n\Help\Working\Output\HtmlHelp1\styles\branding-es-ES.css
C:\Program Files\EWSoftware\Sandcastle Help File Builder\PresentationStyles\VS2013\styles\branding-fr-FR.css -&gt; G:\Entornos de Desarrollo\NavajaSuiza Pedro S&#225;nchez Lozano\NavajaSuiza\Documentaci&#243;n del proyecto\Documentaci&#243;n de Navaja Suiza\Ficheros de documentaci&#243;n\Help\Working\Output\HtmlHelp1\styles\branding-fr-FR.css
C:\Program Files\EWSoftware\Sandcastle Help File Builder\PresentationStyles\VS2013\styles\branding-Help1.css -&gt; G:\Entornos de Desarrollo\NavajaSuiza Pedro S&#225;nchez Lozano\NavajaSuiza\Documentaci&#243;n del proyecto\Documentaci&#243;n de Navaja Suiza\Ficheros de documentaci&#243;n\Help\Working\Output\HtmlHelp1\styles\branding-Help1.css
C:\Program Files\EWSoftware\Sandcastle Help File Builder\PresentationStyles\VS2013\styles\branding-HelpViewer.css -&gt; G:\Entornos de Desarrollo\NavajaSuiza Pedro S&#225;nchez Lozano\NavajaSuiza\Documentaci&#243;n del proyecto\Documentaci&#243;n de Navaja Suiza\Ficheros de documentaci&#243;n\Help\Working\Output\HtmlHelp1\styles\branding-HelpViewer.css
C:\Program Files\EWSoftware\Sandcastle Help File Builder\PresentationStyles\VS2013\styles\branding-it-IT.css -&gt; G:\Entornos de Desarrollo\NavajaSuiza Pedro S&#225;nchez Lozano\NavajaSuiza\Documentaci&#243;n del proyecto\Documentaci&#243;n de Navaja Suiza\Ficheros de documentaci&#243;n\Help\Working\Output\HtmlHelp1\styles\branding-it-IT.css
C:\Program Files\EWSoftware\Sandcastle Help File Builder\PresentationStyles\VS2013\styles\branding-ja-JP.css -&gt; G:\Entornos de Desarrollo\NavajaSuiza Pedro S&#225;nchez Lozano\NavajaSuiza\Documentaci&#243;n del proyecto\Documentaci&#243;n de Navaja Suiza\Ficheros de documentaci&#243;n\Help\Working\Output\HtmlHelp1\styles\branding-ja-JP.css
C:\Program Files\EWSoftware\Sandcastle Help File Builder\PresentationStyles\VS2013\styles\branding-ko-KR.css -&gt; G:\Entornos de Desarrollo\NavajaSuiza Pedro S&#225;nchez Lozano\NavajaSuiza\Documentaci&#243;n del proyecto\Documentaci&#243;n de Navaja Suiza\Ficheros de documentaci&#243;n\Help\Working\Output\HtmlHelp1\styles\branding-ko-KR.css
C:\Program Files\EWSoftware\Sandcastle Help File Builder\PresentationStyles\VS2013\styles\branding-pl-PL.css -&gt; G:\Entornos de Desarrollo\NavajaSuiza Pedro S&#225;nchez Lozano\NavajaSuiza\Documentaci&#243;n del proyecto\Documentaci&#243;n de Navaja Suiza\Ficheros de documentaci&#243;n\Help\Working\Output\HtmlHelp1\styles\branding-pl-PL.css
C:\Program Files\EWSoftware\Sandcastle Help File Builder\PresentationStyles\VS2013\styles\branding-pt-BR.css -&gt; G:\Entornos de Desarrollo\NavajaSuiza Pedro S&#225;nchez Lozano\NavajaSuiza\Documentaci&#243;n del proyecto\Documentaci&#243;n de Navaja Suiza\Ficheros de documentaci&#243;n\Help\Working\Output\HtmlHelp1\styles\branding-pt-BR.css
C:\Program Files\EWSoftware\Sandcastle Help File Builder\PresentationStyles\VS2013\styles\branding-ru-RU.css -&gt; G:\Entornos de Desarrollo\NavajaSuiza Pedro S&#225;nchez Lozano\NavajaSuiza\Documentaci&#243;n del proyecto\Documentaci&#243;n de Navaja Suiza\Ficheros de documentaci&#243;n\Help\Working\Output\HtmlHelp1\styles\branding-ru-RU.css
C:\Program Files\EWSoftware\Sandcastle Help File Builder\PresentationStyles\VS2013\styles\branding-tr-TR.css -&gt; G:\Entornos de Desarrollo\NavajaSuiza Pedro S&#225;nchez Lozano\NavajaSuiza\Documentaci&#243;n del proyecto\Documentaci&#243;n de Navaja Suiza\Ficheros de documentaci&#243;n\Help\Working\Output\HtmlHelp1\styles\branding-tr-TR.css
C:\Program Files\EWSoftware\Sandcastle Help File Builder\PresentationStyles\VS2013\styles\branding-Website.css -&gt; G:\Entornos de Desarrollo\NavajaSuiza Pedro S&#225;nchez Lozano\NavajaSuiza\Documentaci&#243;n del proyecto\Documentaci&#243;n de Navaja Suiza\Ficheros de documentaci&#243;n\Help\Working\Output\HtmlHelp1\styles\branding-Website.css
C:\Program Files\EWSoftware\Sandcastle Help File Builder\PresentationStyles\VS2013\styles\branding-zh-CN.css -&gt; G:\Entornos de Desarrollo\NavajaSuiza Pedro S&#225;nchez Lozano\NavajaSuiza\Documentaci&#243;n del proyecto\Documentaci&#243;n de Navaja Suiza\Ficheros de documentaci&#243;n\Help\Working\Output\HtmlHelp1\styles\branding-zh-CN.css
C:\Program Files\EWSoftware\Sandcastle Help File Builder\PresentationStyles\VS2013\styles\branding-zh-TW.css -&gt; G:\Entornos de Desarrollo\NavajaSuiza Pedro S&#225;nchez Lozano\NavajaSuiza\Documentaci&#243;n del proyecto\Documentaci&#243;n de Navaja Suiza\Ficheros de documentaci&#243;n\Help\Working\Output\HtmlHelp1\styles\branding-zh-TW.css
C:\Program Files\EWSoftware\Sandcastle Help File Builder\PresentationStyles\VS2013\styles\branding.css -&gt; G:\Entornos de Desarrollo\NavajaSuiza Pedro S&#225;nchez Lozano\NavajaSuiza\Documentaci&#243;n del proyecto\Documentaci&#243;n de Navaja Suiza\Ficheros de documentaci&#243;n\Help\Working\Output\HtmlHelp1\styles\branding.css
    Last step completed in 00:00:00,7969
</buildStep>
<buildStep step="GenerateHelpFormatTableOfContents">
Generating HTML Help 1 table of contents file...
    Last step completed in 00:00:00,0000
</buildStep>
<buildStep step="GenerateHelpFileIndex">
Generating HTML Help 1 index file...
    Last step completed in 00:00:00,0000
</buildStep>
<buildStep step="GenerateHelpProject">
Generating HTML Help 1 project file...
    Last step completed in 00:00:00,0156
</buildStep>
<buildStep step="CompilingHelpFile">
Compiling HTML Help 1 file...
[C:\Windows\Microsoft.NET\Framework\v4.0.30319\MSBuild.exe - Build1xHelpFile.proj]
El archivo del proyecto contiene ToolsVersion=&quot;12.0&quot;. Este conjunto de herramientas falta o es desconocido, en cuyo caso es posible que pueda resolver este problema instalando la versi&#162;n apropiada de MSBuild. Tambi‚n es posible que, por motivos de directiva, se haya exigido a la compilaci&#162;n que use un valor determinado para ToolsVersion. Se tratar&#160; el proyecto como si contuviera ToolsVersion=&quot;4.0&quot;. Para obtener m&#160;s informaci&#162;n, vea http://go.microsoft.com/fwlink/?LinkId=291333.
  Microsoft HTML Help Compiler 4.74.8702
  
  
  
  Compiling g:\Entornos de Desarrollo\NavajaSuiza Pedro S&#225;nchez Lozano\NavajaSuiza\Documentaci&#243;n del proyecto\Documentaci&#243;n de Navaja Suiza\Ficheros de documentaci&#243;n\Help\Working\Output\HtmlHelp1\Documentaci&#243;n.chm
  
  
  
  
  
  Compile time: 0 minutes, 6 seconds
  
  151	Topics
  
  1,389	Local links
  
  21,503	Internet links
  
  0	Graphics
  
  
  
  
  
  Created g:\Entornos de Desarrollo\NavajaSuiza Pedro S&#225;nchez Lozano\NavajaSuiza\Documentaci&#243;n del proyecto\Documentaci&#243;n de Navaja Suiza\Ficheros de documentaci&#243;n\Help\Working\Output\HtmlHelp1\Documentaci&#243;n.chm, 687,132 bytes
  
  Compression decreased file by 4,673,361 bytes.
  
    Last step completed in 00:00:08,8125
</buildStep>
<buildStep step="CleanIntermediates">
Removing intermediate files...
    Last step completed in 00:00:00,2969
</buildStep>
<buildStep step="Completed">

Build completed successfully at 14/05/2017 20:51:22.  Total time: 00:01:04,0176

</buildStep>
</shfbBuild>
